[2020-12-02 17:22:38] herosphp\exception\HeroException: 数据库连接失败SQLSTATE[HY000] [1045] Access denied for user 'root'@'localhost' (using password: YES) in /home/zyb/workspace/herosphp-office/herosphp-app/vendor/herosphp/framework/src/functions.core.php:92
Stack trace:
#0 /home/zyb/workspace/herosphp-office/herosphp-app/vendor/herosphp/framework/src/db/driver/Mysql.php(70): E('\xE6\x95\xB0\xE6\x8D\xAE\xE5\xBA\x93\xE8\xBF\x9E\xE6\x8E\xA5...')
#1 /home/zyb/workspace/herosphp-office/herosphp-app/vendor/herosphp/framework/src/db/driver/Mysql.php(45): herosphp\db\driver\Mysql->connect()
#2 [internal function]: herosphp\db\driver\Mysql->__construct(Array)
#3 /home/zyb/workspace/herosphp-office/herosphp-app/vendor/herosphp/framework/src/db/DBFactory.php(49): ReflectionClass->newInstance(Array)
#4 /home/zyb/workspace/herosphp-office/herosphp-app/vendor/herosphp/framework/src/model/MysqlModel.php(66): herosphp\db\DBFactory::createDB(1, Array)
#5 /home/zyb/workspace/herosphp-office/herosphp-app/app/modules/common/dao/UserDao.php(15): herosphp\model\MysqlModel->__construct('user')
#6 [internal function]: app\common\dao\UserDao->__construct()
#7 /home/zyb/workspace/herosphp-office/herosphp-app/vendor/herosphp/framework/src/core/Loader.php(161): ReflectionClass->newInstance()
#8 /home/zyb/workspace/herosphp-office/herosphp-app/vendor/herosphp/framework/src/core/Loader.php(172): herosphp\core\Loader::singleton('app\\common\\dao\\...')
#9 /home/zyb/workspace/herosphp-office/herosphp-app/vendor/herosphp/framework/src/model/CommonService.php(32): herosphp\core\Loader::model('app\\common\\dao\\...')
#10 [internal function]: herosphp\model\CommonService->__construct()
#11 /home/zyb/workspace/herosphp-office/herosphp-app/vendor/herosphp/framework/src/core/Loader.php(161): ReflectionClass->newInstance()
#12 /home/zyb/workspace/herosphp-office/herosphp-app/vendor/herosphp/framework/src/core/Loader.php(181): herosphp\core\Loader::singleton('app\\admin\\servi...')
#13 /home/zyb/workspace/herosphp-office/herosphp-app/app/modules/admin/action/IdentifyAction.php(35): herosphp\core\Loader::service('app\\admin\\servi...')
#14 [internal function]: app\admin\action\IdentifyAction->__construct()
#15 /home/zyb/workspace/herosphp-office/herosphp-app/vendor/herosphp/framework/src/core/WebApplication.php(158): ReflectionClass->newInstance()
#16 /home/zyb/workspace/herosphp-office/herosphp-app/vendor/herosphp/framework/src/core/WebApplication.php(93): herosphp\core\WebApplication->actionInvoke()
#17 /home/zyb/workspace/herosphp-office/herosphp-app/vendor/herosphp/framework/src/BootStrap.php(31): herosphp\core\WebApplication->execute(Array)
#18 /home/zyb/workspace/herosphp-office/herosphp-app/app/index.php(12): herosphp\BootStrap::run()
#19 {main}
[2020-12-02 17:28:06] herosphp\exception\HeroException: 数据库连接失败SQLSTATE[HY000] [1045] Access denied for user 'root'@'localhost' (using password: YES) in /home/zyb/workspace/herosphp-office/herosphp-app/vendor/herosphp/framework/src/functions.core.php:92
Stack trace:
#0 /home/zyb/workspace/herosphp-office/herosphp-app/vendor/herosphp/framework/src/db/driver/Mysql.php(70): E('\xE6\x95\xB0\xE6\x8D\xAE\xE5\xBA\x93\xE8\xBF\x9E\xE6\x8E\xA5...')
#1 /home/zyb/workspace/herosphp-office/herosphp-app/vendor/herosphp/framework/src/db/driver/Mysql.php(45): herosphp\db\driver\Mysql->connect()
#2 [internal function]: herosphp\db\driver\Mysql->__construct(Array)
#3 /home/zyb/workspace/herosphp-office/herosphp-app/vendor/herosphp/framework/src/db/DBFactory.php(49): ReflectionClass->newInstance(Array)
#4 /home/zyb/workspace/herosphp-office/herosphp-app/vendor/herosphp/framework/src/model/MysqlModel.php(66): herosphp\db\DBFactory::createDB(1, Array)
#5 /home/zyb/workspace/herosphp-office/herosphp-app/app/modules/common/dao/UserDao.php(15): herosphp\model\MysqlModel->__construct('user')
#6 [internal function]: app\common\dao\UserDao->__construct()
#7 /home/zyb/workspace/herosphp-office/herosphp-app/vendor/herosphp/framework/src/core/Loader.php(161): ReflectionClass->newInstance()
#8 /home/zyb/workspace/herosphp-office/herosphp-app/vendor/herosphp/framework/src/core/Loader.php(172): herosphp\core\Loader::singleton('app\\common\\dao\\...')
#9 /home/zyb/workspace/herosphp-office/herosphp-app/vendor/herosphp/framework/src/model/CommonService.php(32): herosphp\core\Loader::model('app\\common\\dao\\...')
#10 [internal function]: herosphp\model\CommonService->__construct()
#11 /home/zyb/workspace/herosphp-office/herosphp-app/vendor/herosphp/framework/src/core/Loader.php(161): ReflectionClass->newInstance()
#12 /home/zyb/workspace/herosphp-office/herosphp-app/vendor/herosphp/framework/src/core/Loader.php(181): herosphp\core\Loader::singleton('app\\admin\\servi...')
#13 /home/zyb/workspace/herosphp-office/herosphp-app/app/modules/admin/action/IdentifyAction.php(35): herosphp\core\Loader::service('app\\admin\\servi...')
#14 [internal function]: app\admin\action\IdentifyAction->__construct()
#15 /home/zyb/workspace/herosphp-office/herosphp-app/vendor/herosphp/framework/src/core/WebApplication.php(158): ReflectionClass->newInstance()
#16 /home/zyb/workspace/herosphp-office/herosphp-app/vendor/herosphp/framework/src/core/WebApplication.php(93): herosphp\core\WebApplication->actionInvoke()
#17 /home/zyb/workspace/herosphp-office/herosphp-app/vendor/herosphp/framework/src/BootStrap.php(31): herosphp\core\WebApplication->execute(Array)
#18 /home/zyb/workspace/herosphp-office/herosphp-app/app/index.php(12): herosphp\BootStrap::run()
#19 {main}
[2020-12-02 17:28:18] herosphp\exception\HeroException: 数据库连接失败SQLSTATE[HY000] [1045] Access denied for user 'root'@'localhost' (using password: YES) in /home/zyb/workspace/herosphp-office/herosphp-app/vendor/herosphp/framework/src/functions.core.php:92
Stack trace:
#0 /home/zyb/workspace/herosphp-office/herosphp-app/vendor/herosphp/framework/src/db/driver/Mysql.php(70): E('\xE6\x95\xB0\xE6\x8D\xAE\xE5\xBA\x93\xE8\xBF\x9E\xE6\x8E\xA5...')
#1 /home/zyb/workspace/herosphp-office/herosphp-app/vendor/herosphp/framework/src/db/driver/Mysql.php(45): herosphp\db\driver\Mysql->connect()
#2 [internal function]: herosphp\db\driver\Mysql->__construct(Array)
#3 /home/zyb/workspace/herosphp-office/herosphp-app/vendor/herosphp/framework/src/db/DBFactory.php(49): ReflectionClass->newInstance(Array)
#4 /home/zyb/workspace/herosphp-office/herosphp-app/vendor/herosphp/framework/src/model/MysqlModel.php(66): herosphp\db\DBFactory::createDB(1, Array)
#5 /home/zyb/workspace/herosphp-office/herosphp-app/app/modules/common/dao/UserDao.php(15): herosphp\model\MysqlModel->__construct('user')
#6 [internal function]: app\common\dao\UserDao->__construct()
#7 /home/zyb/workspace/herosphp-office/herosphp-app/vendor/herosphp/framework/src/core/Loader.php(161): ReflectionClass->newInstance()
#8 /home/zyb/workspace/herosphp-office/herosphp-app/vendor/herosphp/framework/src/core/Loader.php(172): herosphp\core\Loader::singleton('app\\common\\dao\\...')
#9 /home/zyb/workspace/herosphp-office/herosphp-app/vendor/herosphp/framework/src/model/CommonService.php(32): herosphp\core\Loader::model('app\\common\\dao\\...')
#10 [internal function]: herosphp\model\CommonService->__construct()
#11 /home/zyb/workspace/herosphp-office/herosphp-app/vendor/herosphp/framework/src/core/Loader.php(161): ReflectionClass->newInstance()
#12 /home/zyb/workspace/herosphp-office/herosphp-app/vendor/herosphp/framework/src/core/Loader.php(181): herosphp\core\Loader::singleton('app\\admin\\servi...')
#13 /home/zyb/workspace/herosphp-office/herosphp-app/app/modules/admin/action/IdentifyAction.php(35): herosphp\core\Loader::service('app\\admin\\servi...')
#14 [internal function]: app\admin\action\IdentifyAction->__construct()
#15 /home/zyb/workspace/herosphp-office/herosphp-app/vendor/herosphp/framework/src/core/WebApplication.php(158): ReflectionClass->newInstance()
#16 /home/zyb/workspace/herosphp-office/herosphp-app/vendor/herosphp/framework/src/core/WebApplication.php(93): herosphp\core\WebApplication->actionInvoke()
#17 /home/zyb/workspace/herosphp-office/herosphp-app/vendor/herosphp/framework/src/BootStrap.php(31): herosphp\core\WebApplication->execute(Array)
#18 /home/zyb/workspace/herosphp-office/herosphp-app/app/index.php(12): herosphp\BootStrap::run()
#19 {main}
[2020-12-02 17:28:18] herosphp\exception\HeroException: 数据库连接失败SQLSTATE[HY000] [1045] Access denied for user 'root'@'localhost' (using password: YES) in /home/zyb/workspace/herosphp-office/herosphp-app/vendor/herosphp/framework/src/functions.core.php:92
Stack trace:
#0 /home/zyb/workspace/herosphp-office/herosphp-app/vendor/herosphp/framework/src/db/driver/Mysql.php(70): E('\xE6\x95\xB0\xE6\x8D\xAE\xE5\xBA\x93\xE8\xBF\x9E\xE6\x8E\xA5...')
#1 /home/zyb/workspace/herosphp-office/herosphp-app/vendor/herosphp/framework/src/db/driver/Mysql.php(45): herosphp\db\driver\Mysql->connect()
#2 [internal function]: herosphp\db\driver\Mysql->__construct(Array)
#3 /home/zyb/workspace/herosphp-office/herosphp-app/vendor/herosphp/framework/src/db/DBFactory.php(49): ReflectionClass->newInstance(Array)
#4 /home/zyb/workspace/herosphp-office/herosphp-app/vendor/herosphp/framework/src/model/MysqlModel.php(66): herosphp\db\DBFactory::createDB(1, Array)
#5 /home/zyb/workspace/herosphp-office/herosphp-app/app/modules/common/dao/UserDao.php(15): herosphp\model\MysqlModel->__construct('user')
#6 [internal function]: app\common\dao\UserDao->__construct()
#7 /home/zyb/workspace/herosphp-office/herosphp-app/vendor/herosphp/framework/src/core/Loader.php(161): ReflectionClass->newInstance()
#8 /home/zyb/workspace/herosphp-office/herosphp-app/vendor/herosphp/framework/src/core/Loader.php(172): herosphp\core\Loader::singleton('app\\common\\dao\\...')
#9 /home/zyb/workspace/herosphp-office/herosphp-app/vendor/herosphp/framework/src/model/CommonService.php(32): herosphp\core\Loader::model('app\\common\\dao\\...')
#10 [internal function]: herosphp\model\CommonService->__construct()
#11 /home/zyb/workspace/herosphp-office/herosphp-app/vendor/herosphp/framework/src/core/Loader.php(161): ReflectionClass->newInstance()
#12 /home/zyb/workspace/herosphp-office/herosphp-app/vendor/herosphp/framework/src/core/Loader.php(181): herosphp\core\Loader::singleton('app\\admin\\servi...')
#13 /home/zyb/workspace/herosphp-office/herosphp-app/app/modules/admin/action/IdentifyAction.php(35): herosphp\core\Loader::service('app\\admin\\servi...')
#14 [internal function]: app\admin\action\IdentifyAction->__construct()
#15 /home/zyb/workspace/herosphp-office/herosphp-app/vendor/herosphp/framework/src/core/WebApplication.php(158): ReflectionClass->newInstance()
#16 /home/zyb/workspace/herosphp-office/herosphp-app/vendor/herosphp/framework/src/core/WebApplication.php(93): herosphp\core\WebApplication->actionInvoke()
#17 /home/zyb/workspace/herosphp-office/herosphp-app/vendor/herosphp/framework/src/BootStrap.php(31): herosphp\core\WebApplication->execute(Array)
#18 /home/zyb/workspace/herosphp-office/herosphp-app/app/index.php(12): herosphp\BootStrap::run()
#19 {main}
[2020-12-02 17:28:44] herosphp\exception\HeroException: 数据库连接失败SQLSTATE[HY000] [1045] Access denied for user 'root'@'localhost' (using password: YES) in /home/zyb/workspace/herosphp-office/herosphp-app/vendor/herosphp/framework/src/functions.core.php:92
Stack trace:
#0 /home/zyb/workspace/herosphp-office/herosphp-app/vendor/herosphp/framework/src/db/driver/Mysql.php(70): E('\xE6\x95\xB0\xE6\x8D\xAE\xE5\xBA\x93\xE8\xBF\x9E\xE6\x8E\xA5...')
#1 /home/zyb/workspace/herosphp-office/herosphp-app/vendor/herosphp/framework/src/db/driver/Mysql.php(45): herosphp\db\driver\Mysql->connect()
#2 [internal function]: herosphp\db\driver\Mysql->__construct(Array)
#3 /home/zyb/workspace/herosphp-office/herosphp-app/vendor/herosphp/framework/src/db/DBFactory.php(49): ReflectionClass->newInstance(Array)
#4 /home/zyb/workspace/herosphp-office/herosphp-app/vendor/herosphp/framework/src/model/MysqlModel.php(66): herosphp\db\DBFactory::createDB(1, Array)
#5 /home/zyb/workspace/herosphp-office/herosphp-app/app/modules/common/dao/UserDao.php(15): herosphp\model\MysqlModel->__construct('user')
#6 [internal function]: app\common\dao\UserDao->__construct()
#7 /home/zyb/workspace/herosphp-office/herosphp-app/vendor/herosphp/framework/src/core/Loader.php(161): ReflectionClass->newInstance()
#8 /home/zyb/workspace/herosphp-office/herosphp-app/vendor/herosphp/framework/src/core/Loader.php(172): herosphp\core\Loader::singleton('app\\common\\dao\\...')
#9 /home/zyb/workspace/herosphp-office/herosphp-app/vendor/herosphp/framework/src/model/CommonService.php(32): herosphp\core\Loader::model('app\\common\\dao\\...')
#10 [internal function]: herosphp\model\CommonService->__construct()
#11 /home/zyb/workspace/herosphp-office/herosphp-app/vendor/herosphp/framework/src/core/Loader.php(161): ReflectionClass->newInstance()
#12 /home/zyb/workspace/herosphp-office/herosphp-app/vendor/herosphp/framework/src/core/Loader.php(181): herosphp\core\Loader::singleton('app\\admin\\servi...')
#13 /home/zyb/workspace/herosphp-office/herosphp-app/app/modules/admin/action/IdentifyAction.php(35): herosphp\core\Loader::service('app\\admin\\servi...')
#14 [internal function]: app\admin\action\IdentifyAction->__construct()
#15 /home/zyb/workspace/herosphp-office/herosphp-app/vendor/herosphp/framework/src/core/WebApplication.php(158): ReflectionClass->newInstance()
#16 /home/zyb/workspace/herosphp-office/herosphp-app/vendor/herosphp/framework/src/core/WebApplication.php(93): herosphp\core\WebApplication->actionInvoke()
#17 /home/zyb/workspace/herosphp-office/herosphp-app/vendor/herosphp/framework/src/BootStrap.php(31): herosphp\core\WebApplication->execute(Array)
#18 /home/zyb/workspace/herosphp-office/herosphp-app/app/index.php(12): herosphp\BootStrap::run()
#19 {main}
[2020-12-02 17:29:13] herosphp\exception\HeroException: 数据库连接失败SQLSTATE[HY000] [1045] Access denied for user 'root'@'localhost' (using password: YES) in /home/zyb/workspace/herosphp-office/herosphp-app/vendor/herosphp/framework/src/functions.core.php:92
Stack trace:
#0 /home/zyb/workspace/herosphp-office/herosphp-app/vendor/herosphp/framework/src/db/driver/Mysql.php(70): E('\xE6\x95\xB0\xE6\x8D\xAE\xE5\xBA\x93\xE8\xBF\x9E\xE6\x8E\xA5...')
#1 /home/zyb/workspace/herosphp-office/herosphp-app/vendor/herosphp/framework/src/db/driver/Mysql.php(45): herosphp\db\driver\Mysql->connect()
#2 [internal function]: herosphp\db\driver\Mysql->__construct(Array)
#3 /home/zyb/workspace/herosphp-office/herosphp-app/vendor/herosphp/framework/src/db/DBFactory.php(49): ReflectionClass->newInstance(Array)
#4 /home/zyb/workspace/herosphp-office/herosphp-app/vendor/herosphp/framework/src/model/MysqlModel.php(66): herosphp\db\DBFactory::createDB(1, Array)
#5 /home/zyb/workspace/herosphp-office/herosphp-app/app/modules/common/dao/UserDao.php(15): herosphp\model\MysqlModel->__construct('user')
#6 [internal function]: app\common\dao\UserDao->__construct()
#7 /home/zyb/workspace/herosphp-office/herosphp-app/vendor/herosphp/framework/src/core/Loader.php(161): ReflectionClass->newInstance()
#8 /home/zyb/workspace/herosphp-office/herosphp-app/vendor/herosphp/framework/src/core/Loader.php(172): herosphp\core\Loader::singleton('app\\common\\dao\\...')
#9 /home/zyb/workspace/herosphp-office/herosphp-app/vendor/herosphp/framework/src/model/CommonService.php(32): herosphp\core\Loader::model('app\\common\\dao\\...')
#10 [internal function]: herosphp\model\CommonService->__construct()
#11 /home/zyb/workspace/herosphp-office/herosphp-app/vendor/herosphp/framework/src/core/Loader.php(161): ReflectionClass->newInstance()
#12 /home/zyb/workspace/herosphp-office/herosphp-app/vendor/herosphp/framework/src/core/Loader.php(181): herosphp\core\Loader::singleton('app\\admin\\servi...')
#13 /home/zyb/workspace/herosphp-office/herosphp-app/app/modules/admin/action/IdentifyAction.php(35): herosphp\core\Loader::service('app\\admin\\servi...')
#14 [internal function]: app\admin\action\IdentifyAction->__construct()
#15 /home/zyb/workspace/herosphp-office/herosphp-app/vendor/herosphp/framework/src/core/WebApplication.php(158): ReflectionClass->newInstance()
#16 /home/zyb/workspace/herosphp-office/herosphp-app/vendor/herosphp/framework/src/core/WebApplication.php(93): herosphp\core\WebApplication->actionInvoke()
#17 /home/zyb/workspace/herosphp-office/herosphp-app/vendor/herosphp/framework/src/BootStrap.php(31): herosphp\core\WebApplication->execute(Array)
#18 /home/zyb/workspace/herosphp-office/herosphp-app/app/index.php(12): herosphp\BootStrap::run()
#19 {main}
[2020-12-02 17:30:28] herosphp\exception\HeroException: 数据库连接失败SQLSTATE[HY000] [1045] Access denied for user 'root'@'localhost' (using password: YES) in /home/zyb/workspace/herosphp-office/herosphp-app/vendor/herosphp/framework/src/functions.core.php:92
Stack trace:
#0 /home/zyb/workspace/herosphp-office/herosphp-app/vendor/herosphp/framework/src/db/driver/Mysql.php(70): E('\xE6\x95\xB0\xE6\x8D\xAE\xE5\xBA\x93\xE8\xBF\x9E\xE6\x8E\xA5...')
#1 /home/zyb/workspace/herosphp-office/herosphp-app/vendor/herosphp/framework/src/db/driver/Mysql.php(45): herosphp\db\driver\Mysql->connect()
#2 [internal function]: herosphp\db\driver\Mysql->__construct(Array)
#3 /home/zyb/workspace/herosphp-office/herosphp-app/vendor/herosphp/framework/src/db/DBFactory.php(49): ReflectionClass->newInstance(Array)
#4 /home/zyb/workspace/herosphp-office/herosphp-app/vendor/herosphp/framework/src/model/MysqlModel.php(66): herosphp\db\DBFactory::createDB(1, Array)
#5 /home/zyb/workspace/herosphp-office/herosphp-app/app/modules/common/dao/UserDao.php(15): herosphp\model\MysqlModel->__construct('user')
#6 [internal function]: app\common\dao\UserDao->__construct()
#7 /home/zyb/workspace/herosphp-office/herosphp-app/vendor/herosphp/framework/src/core/Loader.php(161): ReflectionClass->newInstance()
#8 /home/zyb/workspace/herosphp-office/herosphp-app/vendor/herosphp/framework/src/core/Loader.php(172): herosphp\core\Loader::singleton('app\\common\\dao\\...')
#9 /home/zyb/workspace/herosphp-office/herosphp-app/vendor/herosphp/framework/src/model/CommonService.php(32): herosphp\core\Loader::model('app\\common\\dao\\...')
#10 [internal function]: herosphp\model\CommonService->__construct()
#11 /home/zyb/workspace/herosphp-office/herosphp-app/vendor/herosphp/framework/src/core/Loader.php(161): ReflectionClass->newInstance()
#12 /home/zyb/workspace/herosphp-office/herosphp-app/vendor/herosphp/framework/src/core/Loader.php(181): herosphp\core\Loader::singleton('app\\admin\\servi...')
#13 /home/zyb/workspace/herosphp-office/herosphp-app/app/modules/admin/action/IdentifyAction.php(35): herosphp\core\Loader::service('app\\admin\\servi...')
#14 [internal function]: app\admin\action\IdentifyAction->__construct()
#15 /home/zyb/workspace/herosphp-office/herosphp-app/vendor/herosphp/framework/src/core/WebApplication.php(158): ReflectionClass->newInstance()
#16 /home/zyb/workspace/herosphp-office/herosphp-app/vendor/herosphp/framework/src/core/WebApplication.php(93): herosphp\core\WebApplication->actionInvoke()
#17 /home/zyb/workspace/herosphp-office/herosphp-app/vendor/herosphp/framework/src/BootStrap.php(31): herosphp\core\WebApplication->execute(Array)
#18 /home/zyb/workspace/herosphp-office/herosphp-app/app/index.php(12): herosphp\BootStrap::run()
#19 {main}
[2020-12-02 17:30:39] herosphp\exception\HeroException: 数据库连接失败SQLSTATE[HY000] [1045] Access denied for user 'root'@'localhost' (using password: YES) in /home/zyb/workspace/herosphp-office/herosphp-app/vendor/herosphp/framework/src/functions.core.php:92
Stack trace:
#0 /home/zyb/workspace/herosphp-office/herosphp-app/vendor/herosphp/framework/src/db/driver/Mysql.php(70): E('\xE6\x95\xB0\xE6\x8D\xAE\xE5\xBA\x93\xE8\xBF\x9E\xE6\x8E\xA5...')
#1 /home/zyb/workspace/herosphp-office/herosphp-app/vendor/herosphp/framework/src/db/driver/Mysql.php(45): herosphp\db\driver\Mysql->connect()
#2 [internal function]: herosphp\db\driver\Mysql->__construct(Array)
#3 /home/zyb/workspace/herosphp-office/herosphp-app/vendor/herosphp/framework/src/db/DBFactory.php(49): ReflectionClass->newInstance(Array)
#4 /home/zyb/workspace/herosphp-office/herosphp-app/vendor/herosphp/framework/src/model/MysqlModel.php(66): herosphp\db\DBFactory::createDB(1, Array)
#5 /home/zyb/workspace/herosphp-office/herosphp-app/app/modules/common/dao/UserDao.php(15): herosphp\model\MysqlModel->__construct('user')
#6 [internal function]: app\common\dao\UserDao->__construct()
#7 /home/zyb/workspace/herosphp-office/herosphp-app/vendor/herosphp/framework/src/core/Loader.php(161): ReflectionClass->newInstance()
#8 /home/zyb/workspace/herosphp-office/herosphp-app/vendor/herosphp/framework/src/core/Loader.php(172): herosphp\core\Loader::singleton('app\\common\\dao\\...')
#9 /home/zyb/workspace/herosphp-office/herosphp-app/vendor/herosphp/framework/src/model/CommonService.php(32): herosphp\core\Loader::model('app\\common\\dao\\...')
#10 [internal function]: herosphp\model\CommonService->__construct()
#11 /home/zyb/workspace/herosphp-office/herosphp-app/vendor/herosphp/framework/src/core/Loader.php(161): ReflectionClass->newInstance()
#12 /home/zyb/workspace/herosphp-office/herosphp-app/vendor/herosphp/framework/src/core/Loader.php(181): herosphp\core\Loader::singleton('app\\admin\\servi...')
#13 /home/zyb/workspace/herosphp-office/herosphp-app/app/modules/admin/action/IdentifyAction.php(35): herosphp\core\Loader::service('app\\admin\\servi...')
#14 [internal function]: app\admin\action\IdentifyAction->__construct()
#15 /home/zyb/workspace/herosphp-office/herosphp-app/vendor/herosphp/framework/src/core/WebApplication.php(158): ReflectionClass->newInstance()
#16 /home/zyb/workspace/herosphp-office/herosphp-app/vendor/herosphp/framework/src/core/WebApplication.php(93): herosphp\core\WebApplication->actionInvoke()
#17 /home/zyb/workspace/herosphp-office/herosphp-app/vendor/herosphp/framework/src/BootStrap.php(31): herosphp\core\WebApplication->execute(Array)
#18 /home/zyb/workspace/herosphp-office/herosphp-app/app/index.php(12): herosphp\BootStrap::run()
#19 {main}
[2020-12-02 17:30:45] herosphp\exception\HeroException: 数据库连接失败SQLSTATE[HY000] [1045] Access denied for user 'root'@'localhost' (using password: YES) in /home/zyb/workspace/herosphp-office/herosphp-app/vendor/herosphp/framework/src/functions.core.php:92
Stack trace:
#0 /home/zyb/workspace/herosphp-office/herosphp-app/vendor/herosphp/framework/src/db/driver/Mysql.php(70): E('\xE6\x95\xB0\xE6\x8D\xAE\xE5\xBA\x93\xE8\xBF\x9E\xE6\x8E\xA5...')
#1 /home/zyb/workspace/herosphp-office/herosphp-app/vendor/herosphp/framework/src/db/driver/Mysql.php(45): herosphp\db\driver\Mysql->connect()
#2 [internal function]: herosphp\db\driver\Mysql->__construct(Array)
#3 /home/zyb/workspace/herosphp-office/herosphp-app/vendor/herosphp/framework/src/db/DBFactory.php(49): ReflectionClass->newInstance(Array)
#4 /home/zyb/workspace/herosphp-office/herosphp-app/vendor/herosphp/framework/src/model/MysqlModel.php(66): herosphp\db\DBFactory::createDB(1, Array)
#5 /home/zyb/workspace/herosphp-office/herosphp-app/app/modules/common/dao/UserDao.php(15): herosphp\model\MysqlModel->__construct('user')
#6 [internal function]: app\common\dao\UserDao->__construct()
#7 /home/zyb/workspace/herosphp-office/herosphp-app/vendor/herosphp/framework/src/core/Loader.php(161): ReflectionClass->newInstance()
#8 /home/zyb/workspace/herosphp-office/herosphp-app/vendor/herosphp/framework/src/core/Loader.php(172): herosphp\core\Loader::singleton('app\\common\\dao\\...')
#9 /home/zyb/workspace/herosphp-office/herosphp-app/vendor/herosphp/framework/src/model/CommonService.php(32): herosphp\core\Loader::model('app\\common\\dao\\...')
#10 [internal function]: herosphp\model\CommonService->__construct()
#11 /home/zyb/workspace/herosphp-office/herosphp-app/vendor/herosphp/framework/src/core/Loader.php(161): ReflectionClass->newInstance()
#12 /home/zyb/workspace/herosphp-office/herosphp-app/vendor/herosphp/framework/src/core/Loader.php(181): herosphp\core\Loader::singleton('app\\admin\\servi...')
#13 /home/zyb/workspace/herosphp-office/herosphp-app/app/modules/admin/action/IdentifyAction.php(35): herosphp\core\Loader::service('app\\admin\\servi...')
#14 [internal function]: app\admin\action\IdentifyAction->__construct()
#15 /home/zyb/workspace/herosphp-office/herosphp-app/vendor/herosphp/framework/src/core/WebApplication.php(158): ReflectionClass->newInstance()
#16 /home/zyb/workspace/herosphp-office/herosphp-app/vendor/herosphp/framework/src/core/WebApplication.php(93): herosphp\core\WebApplication->actionInvoke()
#17 /home/zyb/workspace/herosphp-office/herosphp-app/vendor/herosphp/framework/src/BootStrap.php(31): herosphp\core\WebApplication->execute(Array)
#18 /home/zyb/workspace/herosphp-office/herosphp-app/app/index.php(12): herosphp\BootStrap::run()
#19 {main}
[2020-12-02 17:30:45] herosphp\exception\HeroException: 数据库连接失败SQLSTATE[HY000] [1045] Access denied for user 'root'@'localhost' (using password: YES) in /home/zyb/workspace/herosphp-office/herosphp-app/vendor/herosphp/framework/src/functions.core.php:92
Stack trace:
#0 /home/zyb/workspace/herosphp-office/herosphp-app/vendor/herosphp/framework/src/db/driver/Mysql.php(70): E('\xE6\x95\xB0\xE6\x8D\xAE\xE5\xBA\x93\xE8\xBF\x9E\xE6\x8E\xA5...')
#1 /home/zyb/workspace/herosphp-office/herosphp-app/vendor/herosphp/framework/src/db/driver/Mysql.php(45): herosphp\db\driver\Mysql->connect()
#2 [internal function]: herosphp\db\driver\Mysql->__construct(Array)
#3 /home/zyb/workspace/herosphp-office/herosphp-app/vendor/herosphp/framework/src/db/DBFactory.php(49): ReflectionClass->newInstance(Array)
#4 /home/zyb/workspace/herosphp-office/herosphp-app/vendor/herosphp/framework/src/model/MysqlModel.php(66): herosphp\db\DBFactory::createDB(1, Array)
#5 /home/zyb/workspace/herosphp-office/herosphp-app/app/modules/common/dao/UserDao.php(15): herosphp\model\MysqlModel->__construct('user')
#6 [internal function]: app\common\dao\UserDao->__construct()
#7 /home/zyb/workspace/herosphp-office/herosphp-app/vendor/herosphp/framework/src/core/Loader.php(161): ReflectionClass->newInstance()
#8 /home/zyb/workspace/herosphp-office/herosphp-app/vendor/herosphp/framework/src/core/Loader.php(172): herosphp\core\Loader::singleton('app\\common\\dao\\...')
#9 /home/zyb/workspace/herosphp-office/herosphp-app/vendor/herosphp/framework/src/model/CommonService.php(32): herosphp\core\Loader::model('app\\common\\dao\\...')
#10 [internal function]: herosphp\model\CommonService->__construct()
#11 /home/zyb/workspace/herosphp-office/herosphp-app/vendor/herosphp/framework/src/core/Loader.php(161): ReflectionClass->newInstance()
#12 /home/zyb/workspace/herosphp-office/herosphp-app/vendor/herosphp/framework/src/core/Loader.php(181): herosphp\core\Loader::singleton('app\\admin\\servi...')
#13 /home/zyb/workspace/herosphp-office/herosphp-app/app/modules/admin/action/IdentifyAction.php(35): herosphp\core\Loader::service('app\\admin\\servi...')
#14 [internal function]: app\admin\action\IdentifyAction->__construct()
#15 /home/zyb/workspace/herosphp-office/herosphp-app/vendor/herosphp/framework/src/core/WebApplication.php(158): ReflectionClass->newInstance()
#16 /home/zyb/workspace/herosphp-office/herosphp-app/vendor/herosphp/framework/src/core/WebApplication.php(93): herosphp\core\WebApplication->actionInvoke()
#17 /home/zyb/workspace/herosphp-office/herosphp-app/vendor/herosphp/framework/src/BootStrap.php(31): herosphp\core\WebApplication->execute(Array)
#18 /home/zyb/workspace/herosphp-office/herosphp-app/app/index.php(12): herosphp\BootStrap::run()
#19 {main}
[2020-12-02 17:30:53] herosphp\exception\HeroException: 数据库连接失败SQLSTATE[HY000] [1045] Access denied for user 'root'@'localhost' (using password: YES) in /home/zyb/workspace/herosphp-office/herosphp-app/vendor/herosphp/framework/src/functions.core.php:92
Stack trace:
#0 /home/zyb/workspace/herosphp-office/herosphp-app/vendor/herosphp/framework/src/db/driver/Mysql.php(70): E('\xE6\x95\xB0\xE6\x8D\xAE\xE5\xBA\x93\xE8\xBF\x9E\xE6\x8E\xA5...')
#1 /home/zyb/workspace/herosphp-office/herosphp-app/vendor/herosphp/framework/src/db/driver/Mysql.php(45): herosphp\db\driver\Mysql->connect()
#2 [internal function]: herosphp\db\driver\Mysql->__construct(Array)
#3 /home/zyb/workspace/herosphp-office/herosphp-app/vendor/herosphp/framework/src/db/DBFactory.php(49): ReflectionClass->newInstance(Array)
#4 /home/zyb/workspace/herosphp-office/herosphp-app/vendor/herosphp/framework/src/model/MysqlModel.php(66): herosphp\db\DBFactory::createDB(1, Array)
#5 /home/zyb/workspace/herosphp-office/herosphp-app/app/modules/common/dao/UserDao.php(15): herosphp\model\MysqlModel->__construct('user')
#6 [internal function]: app\common\dao\UserDao->__construct()
#7 /home/zyb/workspace/herosphp-office/herosphp-app/vendor/herosphp/framework/src/core/Loader.php(161): ReflectionClass->newInstance()
#8 /home/zyb/workspace/herosphp-office/herosphp-app/vendor/herosphp/framework/src/core/Loader.php(172): herosphp\core\Loader::singleton('app\\common\\dao\\...')
#9 /home/zyb/workspace/herosphp-office/herosphp-app/vendor/herosphp/framework/src/model/CommonService.php(32): herosphp\core\Loader::model('app\\common\\dao\\...')
#10 [internal function]: herosphp\model\CommonService->__construct()
#11 /home/zyb/workspace/herosphp-office/herosphp-app/vendor/herosphp/framework/src/core/Loader.php(161): ReflectionClass->newInstance()
#12 /home/zyb/workspace/herosphp-office/herosphp-app/vendor/herosphp/framework/src/core/Loader.php(181): herosphp\core\Loader::singleton('app\\admin\\servi...')
#13 /home/zyb/workspace/herosphp-office/herosphp-app/app/modules/admin/action/IdentifyAction.php(35): herosphp\core\Loader::service('app\\admin\\servi...')
#14 [internal function]: app\admin\action\IdentifyAction->__construct()
#15 /home/zyb/workspace/herosphp-office/herosphp-app/vendor/herosphp/framework/src/core/WebApplication.php(158): ReflectionClass->newInstance()
#16 /home/zyb/workspace/herosphp-office/herosphp-app/vendor/herosphp/framework/src/core/WebApplication.php(93): herosphp\core\WebApplication->actionInvoke()
#17 /home/zyb/workspace/herosphp-office/herosphp-app/vendor/herosphp/framework/src/BootStrap.php(31): herosphp\core\WebApplication->execute(Array)
#18 /home/zyb/workspace/herosphp-office/herosphp-app/app/index.php(12): herosphp\BootStrap::run()
#19 {main}
[2020-12-02 17:30:53] herosphp\exception\HeroException: 数据库连接失败SQLSTATE[HY000] [1045] Access denied for user 'root'@'localhost' (using password: YES) in /home/zyb/workspace/herosphp-office/herosphp-app/vendor/herosphp/framework/src/functions.core.php:92
Stack trace:
#0 /home/zyb/workspace/herosphp-office/herosphp-app/vendor/herosphp/framework/src/db/driver/Mysql.php(70): E('\xE6\x95\xB0\xE6\x8D\xAE\xE5\xBA\x93\xE8\xBF\x9E\xE6\x8E\xA5...')
#1 /home/zyb/workspace/herosphp-office/herosphp-app/vendor/herosphp/framework/src/db/driver/Mysql.php(45): herosphp\db\driver\Mysql->connect()
#2 [internal function]: herosphp\db\driver\Mysql->__construct(Array)
#3 /home/zyb/workspace/herosphp-office/herosphp-app/vendor/herosphp/framework/src/db/DBFactory.php(49): ReflectionClass->newInstance(Array)
#4 /home/zyb/workspace/herosphp-office/herosphp-app/vendor/herosphp/framework/src/model/MysqlModel.php(66): herosphp\db\DBFactory::createDB(1, Array)
#5 /home/zyb/workspace/herosphp-office/herosphp-app/app/modules/common/dao/UserDao.php(15): herosphp\model\MysqlModel->__construct('user')
#6 [internal function]: app\common\dao\UserDao->__construct()
#7 /home/zyb/workspace/herosphp-office/herosphp-app/vendor/herosphp/framework/src/core/Loader.php(161): ReflectionClass->newInstance()
#8 /home/zyb/workspace/herosphp-office/herosphp-app/vendor/herosphp/framework/src/core/Loader.php(172): herosphp\core\Loader::singleton('app\\common\\dao\\...')
#9 /home/zyb/workspace/herosphp-office/herosphp-app/vendor/herosphp/framework/src/model/CommonService.php(32): herosphp\core\Loader::model('app\\common\\dao\\...')
#10 [internal function]: herosphp\model\CommonService->__construct()
#11 /home/zyb/workspace/herosphp-office/herosphp-app/vendor/herosphp/framework/src/core/Loader.php(161): ReflectionClass->newInstance()
#12 /home/zyb/workspace/herosphp-office/herosphp-app/vendor/herosphp/framework/src/core/Loader.php(181): herosphp\core\Loader::singleton('app\\admin\\servi...')
#13 /home/zyb/workspace/herosphp-office/herosphp-app/app/modules/admin/action/IdentifyAction.php(35): herosphp\core\Loader::service('app\\admin\\servi...')
#14 [internal function]: app\admin\action\IdentifyAction->__construct()
#15 /home/zyb/workspace/herosphp-office/herosphp-app/vendor/herosphp/framework/src/core/WebApplication.php(158): ReflectionClass->newInstance()
#16 /home/zyb/workspace/herosphp-office/herosphp-app/vendor/herosphp/framework/src/core/WebApplication.php(93): herosphp\core\WebApplication->actionInvoke()
#17 /home/zyb/workspace/herosphp-office/herosphp-app/vendor/herosphp/framework/src/BootStrap.php(31): herosphp\core\WebApplication->execute(Array)
#18 /home/zyb/workspace/herosphp-office/herosphp-app/app/index.php(12): herosphp\BootStrap::run()
#19 {main}
[2020-12-02 17:30:58] herosphp\exception\HeroException: 数据库连接失败SQLSTATE[HY000] [1045] Access denied for user 'root'@'localhost' (using password: YES) in /home/zyb/workspace/herosphp-office/herosphp-app/vendor/herosphp/framework/src/functions.core.php:92
Stack trace:
#0 /home/zyb/workspace/herosphp-office/herosphp-app/vendor/herosphp/framework/src/db/driver/Mysql.php(70): E('\xE6\x95\xB0\xE6\x8D\xAE\xE5\xBA\x93\xE8\xBF\x9E\xE6\x8E\xA5...')
#1 /home/zyb/workspace/herosphp-office/herosphp-app/vendor/herosphp/framework/src/db/driver/Mysql.php(45): herosphp\db\driver\Mysql->connect()
#2 [internal function]: herosphp\db\driver\Mysql->__construct(Array)
#3 /home/zyb/workspace/herosphp-office/herosphp-app/vendor/herosphp/framework/src/db/DBFactory.php(49): ReflectionClass->newInstance(Array)
#4 /home/zyb/workspace/herosphp-office/herosphp-app/vendor/herosphp/framework/src/model/MysqlModel.php(66): herosphp\db\DBFactory::createDB(1, Array)
#5 /home/zyb/workspace/herosphp-office/herosphp-app/app/modules/common/dao/UserDao.php(15): herosphp\model\MysqlModel->__construct('user')
#6 [internal function]: app\common\dao\UserDao->__construct()
#7 /home/zyb/workspace/herosphp-office/herosphp-app/vendor/herosphp/framework/src/core/Loader.php(161): ReflectionClass->newInstance()
#8 /home/zyb/workspace/herosphp-office/herosphp-app/vendor/herosphp/framework/src/core/Loader.php(172): herosphp\core\Loader::singleton('app\\common\\dao\\...')
#9 /home/zyb/workspace/herosphp-office/herosphp-app/vendor/herosphp/framework/src/model/CommonService.php(32): herosphp\core\Loader::model('app\\common\\dao\\...')
#10 [internal function]: herosphp\model\CommonService->__construct()
#11 /home/zyb/workspace/herosphp-office/herosphp-app/vendor/herosphp/framework/src/core/Loader.php(161): ReflectionClass->newInstance()
#12 /home/zyb/workspace/herosphp-office/herosphp-app/vendor/herosphp/framework/src/core/Loader.php(181): herosphp\core\Loader::singleton('app\\admin\\servi...')
#13 /home/zyb/workspace/herosphp-office/herosphp-app/app/modules/admin/action/IdentifyAction.php(35): herosphp\core\Loader::service('app\\admin\\servi...')
#14 [internal function]: app\admin\action\IdentifyAction->__construct()
#15 /home/zyb/workspace/herosphp-office/herosphp-app/vendor/herosphp/framework/src/core/WebApplication.php(158): ReflectionClass->newInstance()
#16 /home/zyb/workspace/herosphp-office/herosphp-app/vendor/herosphp/framework/src/core/WebApplication.php(93): herosphp\core\WebApplication->actionInvoke()
#17 /home/zyb/workspace/herosphp-office/herosphp-app/vendor/herosphp/framework/src/BootStrap.php(31): herosphp\core\WebApplication->execute(Array)
#18 /home/zyb/workspace/herosphp-office/herosphp-app/app/index.php(12): herosphp\BootStrap::run()
#19 {main}
[2020-12-02 17:30:58] herosphp\exception\HeroException: 数据库连接失败SQLSTATE[HY000] [1045] Access denied for user 'root'@'localhost' (using password: YES) in /home/zyb/workspace/herosphp-office/herosphp-app/vendor/herosphp/framework/src/functions.core.php:92
Stack trace:
#0 /home/zyb/workspace/herosphp-office/herosphp-app/vendor/herosphp/framework/src/db/driver/Mysql.php(70): E('\xE6\x95\xB0\xE6\x8D\xAE\xE5\xBA\x93\xE8\xBF\x9E\xE6\x8E\xA5...')
#1 /home/zyb/workspace/herosphp-office/herosphp-app/vendor/herosphp/framework/src/db/driver/Mysql.php(45): herosphp\db\driver\Mysql->connect()
#2 [internal function]: herosphp\db\driver\Mysql->__construct(Array)
#3 /home/zyb/workspace/herosphp-office/herosphp-app/vendor/herosphp/framework/src/db/DBFactory.php(49): ReflectionClass->newInstance(Array)
#4 /home/zyb/workspace/herosphp-office/herosphp-app/vendor/herosphp/framework/src/model/MysqlModel.php(66): herosphp\db\DBFactory::createDB(1, Array)
#5 /home/zyb/workspace/herosphp-office/herosphp-app/app/modules/common/dao/UserDao.php(15): herosphp\model\MysqlModel->__construct('user')
#6 [internal function]: app\common\dao\UserDao->__construct()
#7 /home/zyb/workspace/herosphp-office/herosphp-app/vendor/herosphp/framework/src/core/Loader.php(161): ReflectionClass->newInstance()
#8 /home/zyb/workspace/herosphp-office/herosphp-app/vendor/herosphp/framework/src/core/Loader.php(172): herosphp\core\Loader::singleton('app\\common\\dao\\...')
#9 /home/zyb/workspace/herosphp-office/herosphp-app/vendor/herosphp/framework/src/model/CommonService.php(32): herosphp\core\Loader::model('app\\common\\dao\\...')
#10 [internal function]: herosphp\model\CommonService->__construct()
#11 /home/zyb/workspace/herosphp-office/herosphp-app/vendor/herosphp/framework/src/core/Loader.php(161): ReflectionClass->newInstance()
#12 /home/zyb/workspace/herosphp-office/herosphp-app/vendor/herosphp/framework/src/core/Loader.php(181): herosphp\core\Loader::singleton('app\\admin\\servi...')
#13 /home/zyb/workspace/herosphp-office/herosphp-app/app/modules/admin/action/IdentifyAction.php(35): herosphp\core\Loader::service('app\\admin\\servi...')
#14 [internal function]: app\admin\action\IdentifyAction->__construct()
#15 /home/zyb/workspace/herosphp-office/herosphp-app/vendor/herosphp/framework/src/core/WebApplication.php(158): ReflectionClass->newInstance()
#16 /home/zyb/workspace/herosphp-office/herosphp-app/vendor/herosphp/framework/src/core/WebApplication.php(93): herosphp\core\WebApplication->actionInvoke()
#17 /home/zyb/workspace/herosphp-office/herosphp-app/vendor/herosphp/framework/src/BootStrap.php(31): herosphp\core\WebApplication->execute(Array)
#18 /home/zyb/workspace/herosphp-office/herosphp-app/app/index.php(12): herosphp\BootStrap::run()
#19 {main}
[2020-12-02 17:31:07] herosphp\exception\HeroException: 数据库连接失败SQLSTATE[HY000] [1045] Access denied for user 'root'@'localhost' (using password: YES) in /home/zyb/workspace/herosphp-office/herosphp-app/vendor/herosphp/framework/src/functions.core.php:92
Stack trace:
#0 /home/zyb/workspace/herosphp-office/herosphp-app/vendor/herosphp/framework/src/db/driver/Mysql.php(70): E('\xE6\x95\xB0\xE6\x8D\xAE\xE5\xBA\x93\xE8\xBF\x9E\xE6\x8E\xA5...')
#1 /home/zyb/workspace/herosphp-office/herosphp-app/vendor/herosphp/framework/src/db/driver/Mysql.php(45): herosphp\db\driver\Mysql->connect()
#2 [internal function]: herosphp\db\driver\Mysql->__construct(Array)
#3 /home/zyb/workspace/herosphp-office/herosphp-app/vendor/herosphp/framework/src/db/DBFactory.php(49): ReflectionClass->newInstance(Array)
#4 /home/zyb/workspace/herosphp-office/herosphp-app/vendor/herosphp/framework/src/model/MysqlModel.php(66): herosphp\db\DBFactory::createDB(1, Array)
#5 /home/zyb/workspace/herosphp-office/herosphp-app/app/modules/common/dao/UserDao.php(15): herosphp\model\MysqlModel->__construct('user')
#6 [internal function]: app\common\dao\UserDao->__construct()
#7 /home/zyb/workspace/herosphp-office/herosphp-app/vendor/herosphp/framework/src/core/Loader.php(161): ReflectionClass->newInstance()
#8 /home/zyb/workspace/herosphp-office/herosphp-app/vendor/herosphp/framework/src/core/Loader.php(172): herosphp\core\Loader::singleton('app\\common\\dao\\...')
#9 /home/zyb/workspace/herosphp-office/herosphp-app/vendor/herosphp/framework/src/model/CommonService.php(32): herosphp\core\Loader::model('app\\common\\dao\\...')
#10 [internal function]: herosphp\model\CommonService->__construct()
#11 /home/zyb/workspace/herosphp-office/herosphp-app/vendor/herosphp/framework/src/core/Loader.php(161): ReflectionClass->newInstance()
#12 /home/zyb/workspace/herosphp-office/herosphp-app/vendor/herosphp/framework/src/core/Loader.php(181): herosphp\core\Loader::singleton('app\\admin\\servi...')
#13 /home/zyb/workspace/herosphp-office/herosphp-app/app/modules/admin/action/IdentifyAction.php(35): herosphp\core\Loader::service('app\\admin\\servi...')
#14 [internal function]: app\admin\action\IdentifyAction->__construct()
#15 /home/zyb/workspace/herosphp-office/herosphp-app/vendor/herosphp/framework/src/core/WebApplication.php(158): ReflectionClass->newInstance()
#16 /home/zyb/workspace/herosphp-office/herosphp-app/vendor/herosphp/framework/src/core/WebApplication.php(93): herosphp\core\WebApplication->actionInvoke()
#17 /home/zyb/workspace/herosphp-office/herosphp-app/vendor/herosphp/framework/src/BootStrap.php(31): herosphp\core\WebApplication->execute(Array)
#18 /home/zyb/workspace/herosphp-office/herosphp-app/app/index.php(12): herosphp\BootStrap::run()
#19 {main}
[2020-12-02 17:31:07] herosphp\exception\HeroException: 数据库连接失败SQLSTATE[HY000] [1045] Access denied for user 'root'@'localhost' (using password: YES) in /home/zyb/workspace/herosphp-office/herosphp-app/vendor/herosphp/framework/src/functions.core.php:92
Stack trace:
#0 /home/zyb/workspace/herosphp-office/herosphp-app/vendor/herosphp/framework/src/db/driver/Mysql.php(70): E('\xE6\x95\xB0\xE6\x8D\xAE\xE5\xBA\x93\xE8\xBF\x9E\xE6\x8E\xA5...')
#1 /home/zyb/workspace/herosphp-office/herosphp-app/vendor/herosphp/framework/src/db/driver/Mysql.php(45): herosphp\db\driver\Mysql->connect()
#2 [internal function]: herosphp\db\driver\Mysql->__construct(Array)
#3 /home/zyb/workspace/herosphp-office/herosphp-app/vendor/herosphp/framework/src/db/DBFactory.php(49): ReflectionClass->newInstance(Array)
#4 /home/zyb/workspace/herosphp-office/herosphp-app/vendor/herosphp/framework/src/model/MysqlModel.php(66): herosphp\db\DBFactory::createDB(1, Array)
#5 /home/zyb/workspace/herosphp-office/herosphp-app/app/modules/common/dao/UserDao.php(15): herosphp\model\MysqlModel->__construct('user')
#6 [internal function]: app\common\dao\UserDao->__construct()
#7 /home/zyb/workspace/herosphp-office/herosphp-app/vendor/herosphp/framework/src/core/Loader.php(161): ReflectionClass->newInstance()
#8 /home/zyb/workspace/herosphp-office/herosphp-app/vendor/herosphp/framework/src/core/Loader.php(172): herosphp\core\Loader::singleton('app\\common\\dao\\...')
#9 /home/zyb/workspace/herosphp-office/herosphp-app/vendor/herosphp/framework/src/model/CommonService.php(32): herosphp\core\Loader::model('app\\common\\dao\\...')
#10 [internal function]: herosphp\model\CommonService->__construct()
#11 /home/zyb/workspace/herosphp-office/herosphp-app/vendor/herosphp/framework/src/core/Loader.php(161): ReflectionClass->newInstance()
#12 /home/zyb/workspace/herosphp-office/herosphp-app/vendor/herosphp/framework/src/core/Loader.php(181): herosphp\core\Loader::singleton('app\\admin\\servi...')
#13 /home/zyb/workspace/herosphp-office/herosphp-app/app/modules/admin/action/IdentifyAction.php(35): herosphp\core\Loader::service('app\\admin\\servi...')
#14 [internal function]: app\admin\action\IdentifyAction->__construct()
#15 /home/zyb/workspace/herosphp-office/herosphp-app/vendor/herosphp/framework/src/core/WebApplication.php(158): ReflectionClass->newInstance()
#16 /home/zyb/workspace/herosphp-office/herosphp-app/vendor/herosphp/framework/src/core/WebApplication.php(93): herosphp\core\WebApplication->actionInvoke()
#17 /home/zyb/workspace/herosphp-office/herosphp-app/vendor/herosphp/framework/src/BootStrap.php(31): herosphp\core\WebApplication->execute(Array)
#18 /home/zyb/workspace/herosphp-office/herosphp-app/app/index.php(12): herosphp\BootStrap::run()
#19 {main}
[2020-12-02 17:31:10] herosphp\exception\HeroException: 数据库连接失败SQLSTATE[HY000] [1045] Access denied for user 'root'@'localhost' (using password: YES) in /home/zyb/workspace/herosphp-office/herosphp-app/vendor/herosphp/framework/src/functions.core.php:92
Stack trace:
#0 /home/zyb/workspace/herosphp-office/herosphp-app/vendor/herosphp/framework/src/db/driver/Mysql.php(70): E('\xE6\x95\xB0\xE6\x8D\xAE\xE5\xBA\x93\xE8\xBF\x9E\xE6\x8E\xA5...')
#1 /home/zyb/workspace/herosphp-office/herosphp-app/vendor/herosphp/framework/src/db/driver/Mysql.php(45): herosphp\db\driver\Mysql->connect()
#2 [internal function]: herosphp\db\driver\Mysql->__construct(Array)
#3 /home/zyb/workspace/herosphp-office/herosphp-app/vendor/herosphp/framework/src/db/DBFactory.php(49): ReflectionClass->newInstance(Array)
#4 /home/zyb/workspace/herosphp-office/herosphp-app/vendor/herosphp/framework/src/model/MysqlModel.php(66): herosphp\db\DBFactory::createDB(1, Array)
#5 /home/zyb/workspace/herosphp-office/herosphp-app/app/modules/common/dao/UserDao.php(15): herosphp\model\MysqlModel->__construct('user')
#6 [internal function]: app\common\dao\UserDao->__construct()
#7 /home/zyb/workspace/herosphp-office/herosphp-app/vendor/herosphp/framework/src/core/Loader.php(161): ReflectionClass->newInstance()
#8 /home/zyb/workspace/herosphp-office/herosphp-app/vendor/herosphp/framework/src/core/Loader.php(172): herosphp\core\Loader::singleton('app\\common\\dao\\...')
#9 /home/zyb/workspace/herosphp-office/herosphp-app/vendor/herosphp/framework/src/model/CommonService.php(32): herosphp\core\Loader::model('app\\common\\dao\\...')
#10 [internal function]: herosphp\model\CommonService->__construct()
#11 /home/zyb/workspace/herosphp-office/herosphp-app/vendor/herosphp/framework/src/core/Loader.php(161): ReflectionClass->newInstance()
#12 /home/zyb/workspace/herosphp-office/herosphp-app/vendor/herosphp/framework/src/core/Loader.php(181): herosphp\core\Loader::singleton('app\\admin\\servi...')
#13 /home/zyb/workspace/herosphp-office/herosphp-app/app/modules/admin/action/IdentifyAction.php(35): herosphp\core\Loader::service('app\\admin\\servi...')
#14 [internal function]: app\admin\action\IdentifyAction->__construct()
#15 /home/zyb/workspace/herosphp-office/herosphp-app/vendor/herosphp/framework/src/core/WebApplication.php(158): ReflectionClass->newInstance()
#16 /home/zyb/workspace/herosphp-office/herosphp-app/vendor/herosphp/framework/src/core/WebApplication.php(93): herosphp\core\WebApplication->actionInvoke()
#17 /home/zyb/workspace/herosphp-office/herosphp-app/vendor/herosphp/framework/src/BootStrap.php(31): herosphp\core\WebApplication->execute(Array)
#18 /home/zyb/workspace/herosphp-office/herosphp-app/app/index.php(12): herosphp\BootStrap::run()
#19 {main}
[2020-12-02 17:31:10] herosphp\exception\HeroException: 数据库连接失败SQLSTATE[HY000] [1045] Access denied for user 'root'@'localhost' (using password: YES) in /home/zyb/workspace/herosphp-office/herosphp-app/vendor/herosphp/framework/src/functions.core.php:92
Stack trace:
#0 /home/zyb/workspace/herosphp-office/herosphp-app/vendor/herosphp/framework/src/db/driver/Mysql.php(70): E('\xE6\x95\xB0\xE6\x8D\xAE\xE5\xBA\x93\xE8\xBF\x9E\xE6\x8E\xA5...')
#1 /home/zyb/workspace/herosphp-office/herosphp-app/vendor/herosphp/framework/src/db/driver/Mysql.php(45): herosphp\db\driver\Mysql->connect()
#2 [internal function]: herosphp\db\driver\Mysql->__construct(Array)
#3 /home/zyb/workspace/herosphp-office/herosphp-app/vendor/herosphp/framework/src/db/DBFactory.php(49): ReflectionClass->newInstance(Array)
#4 /home/zyb/workspace/herosphp-office/herosphp-app/vendor/herosphp/framework/src/model/MysqlModel.php(66): herosphp\db\DBFactory::createDB(1, Array)
#5 /home/zyb/workspace/herosphp-office/herosphp-app/app/modules/common/dao/UserDao.php(15): herosphp\model\MysqlModel->__construct('user')
#6 [internal function]: app\common\dao\UserDao->__construct()
#7 /home/zyb/workspace/herosphp-office/herosphp-app/vendor/herosphp/framework/src/core/Loader.php(161): ReflectionClass->newInstance()
#8 /home/zyb/workspace/herosphp-office/herosphp-app/vendor/herosphp/framework/src/core/Loader.php(172): herosphp\core\Loader::singleton('app\\common\\dao\\...')
#9 /home/zyb/workspace/herosphp-office/herosphp-app/vendor/herosphp/framework/src/model/CommonService.php(32): herosphp\core\Loader::model('app\\common\\dao\\...')
#10 [internal function]: herosphp\model\CommonService->__construct()
#11 /home/zyb/workspace/herosphp-office/herosphp-app/vendor/herosphp/framework/src/core/Loader.php(161): ReflectionClass->newInstance()
#12 /home/zyb/workspace/herosphp-office/herosphp-app/vendor/herosphp/framework/src/core/Loader.php(181): herosphp\core\Loader::singleton('app\\admin\\servi...')
#13 /home/zyb/workspace/herosphp-office/herosphp-app/app/modules/admin/action/IdentifyAction.php(35): herosphp\core\Loader::service('app\\admin\\servi...')
#14 [internal function]: app\admin\action\IdentifyAction->__construct()
#15 /home/zyb/workspace/herosphp-office/herosphp-app/vendor/herosphp/framework/src/core/WebApplication.php(158): ReflectionClass->newInstance()
#16 /home/zyb/workspace/herosphp-office/herosphp-app/vendor/herosphp/framework/src/core/WebApplication.php(93): herosphp\core\WebApplication->actionInvoke()
#17 /home/zyb/workspace/herosphp-office/herosphp-app/vendor/herosphp/framework/src/BootStrap.php(31): herosphp\core\WebApplication->execute(Array)
#18 /home/zyb/workspace/herosphp-office/herosphp-app/app/index.php(12): herosphp\BootStrap::run()
#19 {main}
[2020-12-02 17:31:24] herosphp\exception\HeroException: 数据库连接失败SQLSTATE[HY000] [1045] Access denied for user 'root'@'localhost' (using password: YES) in /home/zyb/workspace/herosphp-office/herosphp-app/vendor/herosphp/framework/src/functions.core.php:92
Stack trace:
#0 /home/zyb/workspace/herosphp-office/herosphp-app/vendor/herosphp/framework/src/db/driver/Mysql.php(70): E('\xE6\x95\xB0\xE6\x8D\xAE\xE5\xBA\x93\xE8\xBF\x9E\xE6\x8E\xA5...')
#1 /home/zyb/workspace/herosphp-office/herosphp-app/vendor/herosphp/framework/src/db/driver/Mysql.php(45): herosphp\db\driver\Mysql->connect()
#2 [internal function]: herosphp\db\driver\Mysql->__construct(Array)
#3 /home/zyb/workspace/herosphp-office/herosphp-app/vendor/herosphp/framework/src/db/DBFactory.php(49): ReflectionClass->newInstance(Array)
#4 /home/zyb/workspace/herosphp-office/herosphp-app/vendor/herosphp/framework/src/model/MysqlModel.php(66): herosphp\db\DBFactory::createDB(1, Array)
#5 /home/zyb/workspace/herosphp-office/herosphp-app/app/modules/common/dao/UserDao.php(15): herosphp\model\MysqlModel->__construct('user')
#6 [internal function]: app\common\dao\UserDao->__construct()
#7 /home/zyb/workspace/herosphp-office/herosphp-app/vendor/herosphp/framework/src/core/Loader.php(161): ReflectionClass->newInstance()
#8 /home/zyb/workspace/herosphp-office/herosphp-app/vendor/herosphp/framework/src/core/Loader.php(172): herosphp\core\Loader::singleton('app\\common\\dao\\...')
#9 /home/zyb/workspace/herosphp-office/herosphp-app/vendor/herosphp/framework/src/model/CommonService.php(32): herosphp\core\Loader::model('app\\common\\dao\\...')
#10 [internal function]: herosphp\model\CommonService->__construct()
#11 /home/zyb/workspace/herosphp-office/herosphp-app/vendor/herosphp/framework/src/core/Loader.php(161): ReflectionClass->newInstance()
#12 /home/zyb/workspace/herosphp-office/herosphp-app/vendor/herosphp/framework/src/core/Loader.php(181): herosphp\core\Loader::singleton('app\\admin\\servi...')
#13 /home/zyb/workspace/herosphp-office/herosphp-app/app/modules/admin/action/IdentifyAction.php(35): herosphp\core\Loader::service('app\\admin\\servi...')
#14 [internal function]: app\admin\action\IdentifyAction->__construct()
#15 /home/zyb/workspace/herosphp-office/herosphp-app/vendor/herosphp/framework/src/core/WebApplication.php(158): ReflectionClass->newInstance()
#16 /home/zyb/workspace/herosphp-office/herosphp-app/vendor/herosphp/framework/src/core/WebApplication.php(93): herosphp\core\WebApplication->actionInvoke()
#17 /home/zyb/workspace/herosphp-office/herosphp-app/vendor/herosphp/framework/src/BootStrap.php(31): herosphp\core\WebApplication->execute(Array)
#18 /home/zyb/workspace/herosphp-office/herosphp-app/app/index.php(12): herosphp\BootStrap::run()
#19 {main}
[2020-12-02 17:31:24] herosphp\exception\HeroException: 数据库连接失败SQLSTATE[HY000] [1045] Access denied for user 'root'@'localhost' (using password: YES) in /home/zyb/workspace/herosphp-office/herosphp-app/vendor/herosphp/framework/src/functions.core.php:92
Stack trace:
#0 /home/zyb/workspace/herosphp-office/herosphp-app/vendor/herosphp/framework/src/db/driver/Mysql.php(70): E('\xE6\x95\xB0\xE6\x8D\xAE\xE5\xBA\x93\xE8\xBF\x9E\xE6\x8E\xA5...')
#1 /home/zyb/workspace/herosphp-office/herosphp-app/vendor/herosphp/framework/src/db/driver/Mysql.php(45): herosphp\db\driver\Mysql->connect()
#2 [internal function]: herosphp\db\driver\Mysql->__construct(Array)
#3 /home/zyb/workspace/herosphp-office/herosphp-app/vendor/herosphp/framework/src/db/DBFactory.php(49): ReflectionClass->newInstance(Array)
#4 /home/zyb/workspace/herosphp-office/herosphp-app/vendor/herosphp/framework/src/model/MysqlModel.php(66): herosphp\db\DBFactory::createDB(1, Array)
#5 /home/zyb/workspace/herosphp-office/herosphp-app/app/modules/common/dao/UserDao.php(15): herosphp\model\MysqlModel->__construct('user')
#6 [internal function]: app\common\dao\UserDao->__construct()
#7 /home/zyb/workspace/herosphp-office/herosphp-app/vendor/herosphp/framework/src/core/Loader.php(161): ReflectionClass->newInstance()
#8 /home/zyb/workspace/herosphp-office/herosphp-app/vendor/herosphp/framework/src/core/Loader.php(172): herosphp\core\Loader::singleton('app\\common\\dao\\...')
#9 /home/zyb/workspace/herosphp-office/herosphp-app/vendor/herosphp/framework/src/model/CommonService.php(32): herosphp\core\Loader::model('app\\common\\dao\\...')
#10 [internal function]: herosphp\model\CommonService->__construct()
#11 /home/zyb/workspace/herosphp-office/herosphp-app/vendor/herosphp/framework/src/core/Loader.php(161): ReflectionClass->newInstance()
#12 /home/zyb/workspace/herosphp-office/herosphp-app/vendor/herosphp/framework/src/core/Loader.php(181): herosphp\core\Loader::singleton('app\\admin\\servi...')
#13 /home/zyb/workspace/herosphp-office/herosphp-app/app/modules/admin/action/IdentifyAction.php(35): herosphp\core\Loader::service('app\\admin\\servi...')
#14 [internal function]: app\admin\action\IdentifyAction->__construct()
#15 /home/zyb/workspace/herosphp-office/herosphp-app/vendor/herosphp/framework/src/core/WebApplication.php(158): ReflectionClass->newInstance()
#16 /home/zyb/workspace/herosphp-office/herosphp-app/vendor/herosphp/framework/src/core/WebApplication.php(93): herosphp\core\WebApplication->actionInvoke()
#17 /home/zyb/workspace/herosphp-office/herosphp-app/vendor/herosphp/framework/src/BootStrap.php(31): herosphp\core\WebApplication->execute(Array)
#18 /home/zyb/workspace/herosphp-office/herosphp-app/app/index.php(12): herosphp\BootStrap::run()
#19 {main}
[2020-12-02 17:31:44] herosphp\exception\HeroException: 数据库连接失败SQLSTATE[HY000] [1045] Access denied for user 'root'@'localhost' (using password: YES) in /home/zyb/workspace/herosphp-office/herosphp-app/vendor/herosphp/framework/src/functions.core.php:92
Stack trace:
#0 /home/zyb/workspace/herosphp-office/herosphp-app/vendor/herosphp/framework/src/db/driver/Mysql.php(70): E('\xE6\x95\xB0\xE6\x8D\xAE\xE5\xBA\x93\xE8\xBF\x9E\xE6\x8E\xA5...')
#1 /home/zyb/workspace/herosphp-office/herosphp-app/vendor/herosphp/framework/src/db/driver/Mysql.php(45): herosphp\db\driver\Mysql->connect()
#2 [internal function]: herosphp\db\driver\Mysql->__construct(Array)
#3 /home/zyb/workspace/herosphp-office/herosphp-app/vendor/herosphp/framework/src/db/DBFactory.php(49): ReflectionClass->newInstance(Array)
#4 /home/zyb/workspace/herosphp-office/herosphp-app/vendor/herosphp/framework/src/model/MysqlModel.php(66): herosphp\db\DBFactory::createDB(1, Array)
#5 /home/zyb/workspace/herosphp-office/herosphp-app/app/modules/common/dao/UserDao.php(15): herosphp\model\MysqlModel->__construct('user')
#6 [internal function]: app\common\dao\UserDao->__construct()
#7 /home/zyb/workspace/herosphp-office/herosphp-app/vendor/herosphp/framework/src/core/Loader.php(161): ReflectionClass->newInstance()
#8 /home/zyb/workspace/herosphp-office/herosphp-app/vendor/herosphp/framework/src/core/Loader.php(172): herosphp\core\Loader::singleton('app\\common\\dao\\...')
#9 /home/zyb/workspace/herosphp-office/herosphp-app/vendor/herosphp/framework/src/model/CommonService.php(32): herosphp\core\Loader::model('app\\common\\dao\\...')
#10 [internal function]: herosphp\model\CommonService->__construct()
#11 /home/zyb/workspace/herosphp-office/herosphp-app/vendor/herosphp/framework/src/core/Loader.php(161): ReflectionClass->newInstance()
#12 /home/zyb/workspace/herosphp-office/herosphp-app/vendor/herosphp/framework/src/core/Loader.php(181): herosphp\core\Loader::singleton('app\\admin\\servi...')
#13 /home/zyb/workspace/herosphp-office/herosphp-app/app/modules/admin/action/IdentifyAction.php(35): herosphp\core\Loader::service('app\\admin\\servi...')
#14 [internal function]: app\admin\action\IdentifyAction->__construct()
#15 /home/zyb/workspace/herosphp-office/herosphp-app/vendor/herosphp/framework/src/core/WebApplication.php(158): ReflectionClass->newInstance()
#16 /home/zyb/workspace/herosphp-office/herosphp-app/vendor/herosphp/framework/src/core/WebApplication.php(93): herosphp\core\WebApplication->actionInvoke()
#17 /home/zyb/workspace/herosphp-office/herosphp-app/vendor/herosphp/framework/src/BootStrap.php(31): herosphp\core\WebApplication->execute(Array)
#18 /home/zyb/workspace/herosphp-office/herosphp-app/app/index.php(12): herosphp\BootStrap::run()
#19 {main}
[2020-12-02 17:31:44] herosphp\exception\HeroException: 数据库连接失败SQLSTATE[HY000] [1045] Access denied for user 'root'@'localhost' (using password: YES) in /home/zyb/workspace/herosphp-office/herosphp-app/vendor/herosphp/framework/src/functions.core.php:92
Stack trace:
#0 /home/zyb/workspace/herosphp-office/herosphp-app/vendor/herosphp/framework/src/db/driver/Mysql.php(70): E('\xE6\x95\xB0\xE6\x8D\xAE\xE5\xBA\x93\xE8\xBF\x9E\xE6\x8E\xA5...')
#1 /home/zyb/workspace/herosphp-office/herosphp-app/vendor/herosphp/framework/src/db/driver/Mysql.php(45): herosphp\db\driver\Mysql->connect()
#2 [internal function]: herosphp\db\driver\Mysql->__construct(Array)
#3 /home/zyb/workspace/herosphp-office/herosphp-app/vendor/herosphp/framework/src/db/DBFactory.php(49): ReflectionClass->newInstance(Array)
#4 /home/zyb/workspace/herosphp-office/herosphp-app/vendor/herosphp/framework/src/model/MysqlModel.php(66): herosphp\db\DBFactory::createDB(1, Array)
#5 /home/zyb/workspace/herosphp-office/herosphp-app/app/modules/common/dao/UserDao.php(15): herosphp\model\MysqlModel->__construct('user')
#6 [internal function]: app\common\dao\UserDao->__construct()
#7 /home/zyb/workspace/herosphp-office/herosphp-app/vendor/herosphp/framework/src/core/Loader.php(161): ReflectionClass->newInstance()
#8 /home/zyb/workspace/herosphp-office/herosphp-app/vendor/herosphp/framework/src/core/Loader.php(172): herosphp\core\Loader::singleton('app\\common\\dao\\...')
#9 /home/zyb/workspace/herosphp-office/herosphp-app/vendor/herosphp/framework/src/model/CommonService.php(32): herosphp\core\Loader::model('app\\common\\dao\\...')
#10 [internal function]: herosphp\model\CommonService->__construct()
#11 /home/zyb/workspace/herosphp-office/herosphp-app/vendor/herosphp/framework/src/core/Loader.php(161): ReflectionClass->newInstance()
#12 /home/zyb/workspace/herosphp-office/herosphp-app/vendor/herosphp/framework/src/core/Loader.php(181): herosphp\core\Loader::singleton('app\\admin\\servi...')
#13 /home/zyb/workspace/herosphp-office/herosphp-app/app/modules/admin/action/IdentifyAction.php(35): herosphp\core\Loader::service('app\\admin\\servi...')
#14 [internal function]: app\admin\action\IdentifyAction->__construct()
#15 /home/zyb/workspace/herosphp-office/herosphp-app/vendor/herosphp/framework/src/core/WebApplication.php(158): ReflectionClass->newInstance()
#16 /home/zyb/workspace/herosphp-office/herosphp-app/vendor/herosphp/framework/src/core/WebApplication.php(93): herosphp\core\WebApplication->actionInvoke()
#17 /home/zyb/workspace/herosphp-office/herosphp-app/vendor/herosphp/framework/src/BootStrap.php(31): herosphp\core\WebApplication->execute(Array)
#18 /home/zyb/workspace/herosphp-office/herosphp-app/app/index.php(12): herosphp\BootStrap::run()
#19 {main}
